Flow report for project
Wed Jan 04 18:38:30 2017
Quartus II Version 9.1 Build 350 03/24/2010 Service Pack 2 SJ Full Version


---------------------
; Table of Contents ;
---------------------
  1. Legal Notice
  2. Flow Summary
  3. Flow Settings
  4. Flow Non-Default Global Settings
  5. Flow Elapsed Time
  6. Flow OS Summary
  7. Flow Log



----------------
; Legal Notice ;
----------------
Copyright (C) 1991-2010 Altera Corporation
Your use of Altera Corporation's design tools, logic functions 
and other software and tools, and its AMPP partner logic 
functions, and any output files from any of the foregoing 
(including device programming or simulation files), and any 
associated documentation or information are expressly subject 
to the terms and conditions of the Altera Program License 
Subscription Agreement, Altera MegaCore Function License 
Agreement, or other applicable license agreement, including, 
without limitation, that your use is for the sole purpose of 
programming logic devices manufactured by Altera and sold by 
Altera or its authorized distributors.  Please refer to the 
applicable agreement for further details.



+------------------------------------------------------------------------------------+
; Flow Summary                                                                       ;
+------------------------------------+-----------------------------------------------+
; Flow Status                        ; Successful - Wed Jan 04 18:38:30 2017         ;
; Quartus II Version                 ; 9.1 Build 350 03/24/2010 SP 2 SJ Full Version ;
; Revision Name                      ; project                                       ;
; Top-level Entity Name              ; freq_detector_mss                             ;
; Family                             ; Cyclone II                                    ;
; Device                             ; EP2C35F672C6                                  ;
; Timing Models                      ; Final                                         ;
; Met timing requirements            ; Yes                                           ;
; Total logic elements               ; 323 / 33,216 ( < 1 % )                        ;
;     Total combinational functions  ; 280 / 33,216 ( < 1 % )                        ;
;     Dedicated logic registers      ; 208 / 33,216 ( < 1 % )                        ;
; Total registers                    ; 215                                           ;
; Total pins                         ; 36 / 475 ( 8 % )                              ;
; Total virtual pins                 ; 0                                             ;
; Total memory bits                  ; 10,088 / 483,840 ( 2 % )                      ;
; Embedded Multiplier 9-bit elements ; 1 / 70 ( 1 % )                                ;
; Total PLLs                         ; 0 / 4 ( 0 % )                                 ;
+------------------------------------+-----------------------------------------------+


+-----------------------------------------+
; Flow Settings                           ;
+-------------------+---------------------+
; Option            ; Setting             ;
+-------------------+---------------------+
; Start date & time ; 01/04/2017 18:38:18 ;
; Main task         ; Compilation         ;
; Revision Name     ; project             ;
+-------------------+---------------------+


+-------------------------------------------------------------------------------------------------------------------------------------------------------------+
; Flow Non-Default Global Settings                                                                                                                            ;
+------------------------+-----------------------------------------------------------------------------------+---------------+-------------------+------------+
; Assignment Name        ; Value                                                                             ; Default Value ; Entity Name       ; Section Id ;
+------------------------+-----------------------------------------------------------------------------------+---------------+-------------------+------------+
; COMPILER_SIGNATURE_ID  ; 18005770524372.148354789803280                                                    ; --            ; --                ; --         ;
; MISC_FILE              ; D:/Documents/OneDrive - Technion/winter 1617/lab1_044160/project/code/project.dpf ; --            ; --                ; --         ;
; MISC_FILE              ; C:/Users/sab1/Desktop/project_1_1_17/project.dpf                                  ; --            ; --                ; --         ;
; PARTITION_COLOR        ; 16764057                                                                          ; --            ; freq_detector_mss ; Top        ;
; PARTITION_NETLIST_TYPE ; SOURCE                                                                            ; --            ; freq_detector_mss ; Top        ;
; TOP_LEVEL_ENTITY       ; freq_detector_mss                                                                 ; project       ; --                ; --         ;
+------------------------+-----------------------------------------------------------------------------------+---------------+-------------------+------------+


+-----------------------------------------------------------------------------------------------------------------------------+
; Flow Elapsed Time                                                                                                           ;
+-------------------------+--------------+-------------------------+---------------------+------------------------------------+
; Module Name             ; Elapsed Time ; Average Processors Used ; Peak Virtual Memory ; Total CPU Time (on all processors) ;
+-------------------------+--------------+-------------------------+---------------------+------------------------------------+
; Analysis & Synthesis    ; 00:00:03     ; 1.0                     ; 255 MB              ; 00:00:02                           ;
; Fitter                  ; 00:00:04     ; 1.0                     ; 304 MB              ; 00:00:05                           ;
; Assembler               ; 00:00:02     ; 1.0                     ; 260 MB              ; 00:00:02                           ;
; Classic Timing Analyzer ; 00:00:01     ; 1.0                     ; 169 MB              ; 00:00:00                           ;
; Total                   ; 00:00:10     ; --                      ; --                  ; 00:00:09                           ;
+-------------------------+--------------+-------------------------+---------------------+------------------------------------+


+------------------------------------------------------------------------------------------+
; Flow OS Summary                                                                          ;
+-------------------------+------------------+---------------+------------+----------------+
; Module Name             ; Machine Hostname ; OS Name       ; OS Version ; Processor type ;
+-------------------------+------------------+---------------+------------+----------------+
; Analysis & Synthesis    ; eem-284          ; Windows Vista ; 6.1        ; x86_64         ;
; Fitter                  ; eem-284          ; Windows Vista ; 6.1        ; x86_64         ;
; Assembler               ; eem-284          ; Windows Vista ; 6.1        ; x86_64         ;
; Classic Timing Analyzer ; eem-284          ; Windows Vista ; 6.1        ; x86_64         ;
+-------------------------+------------------+---------------+------------+----------------+


------------
; Flow Log ;
------------
quartus_map --read_settings_files=on --write_settings_files=off project -c project
quartus_fit --read_settings_files=off --write_settings_files=off project -c project
quartus_asm --read_settings_files=off --write_settings_files=off project -c project
quartus_tan --read_settings_files=off --write_settings_files=off project -c project --timing_analysis_only



